<?xml version="1.0" encoding="UTF-8"?>
<testng-results skipped="0" failed="1" ignored="0" total="3" passed="2">
  <reporter-output>
    <line>
      <![CDATA[Reminder notification doesn't exists in notification tray]]>
    </line>
  </reporter-output>
  <suite name="All" duration-ms="248741" started-at="2018-06-08T08:42:10Z" finished-at="2018-06-08T08:46:19Z">
    <groups>
    </groups>
    <test name="All tests" duration-ms="248741" started-at="2018-06-08T08:42:10Z" finished-at="2018-06-08T08:46:19Z">
      <class name="com.glooko.tests.login.LoginTest">
        <test-method status="PASS" signature="setup()[pri:0, instance:com.glooko.tests.login.LoginTest@3b0143d3]" name="setup" is-config="true" duration-ms="67224" started-at="2018-06-08T08:42:10Z" finished-at="2018-06-08T08:43:17Z">
          <reporter-output>
          </reporter-output>
        </test-method> <!-- setup -->
        <test-method status="PASS" signature="init()[pri:0, instance:com.glooko.tests.login.LoginTest@3b0143d3]" name="init" is-config="true" duration-ms="532" started-at="2018-06-08T08:43:17Z" finished-at="2018-06-08T08:43:18Z">
          <reporter-output>
          </reporter-output>
        </test-method> <!-- init -->
        <test-method status="PASS" signature="doLogin()[pri:0, instance:com.glooko.tests.login.LoginTest@3b0143d3]" name="doLogin" duration-ms="15894" started-at="2018-06-08T08:43:18Z" finished-at="2018-06-08T08:43:34Z">
          <reporter-output>
          </reporter-output>
        </test-method> <!-- doLogin -->
        <test-method status="PASS" signature="stopServer()[pri:0, instance:com.glooko.tests.login.LoginTest@3b0143d3]" name="stopServer" is-config="true" duration-ms="60" started-at="2018-06-08T08:43:34Z" finished-at="2018-06-08T08:43:34Z">
          <reporter-output>
          </reporter-output>
        </test-method> <!-- stopServer -->
      </class> <!-- com.glooko.tests.login.LoginTest -->
      <class name="com.glooko.tests.history.HistoryTest">
        <test-method status="PASS" signature="setup()[pri:0, instance:com.glooko.tests.history.HistoryTest@4b4523f8]" name="setup" is-config="true" duration-ms="65518" started-at="2018-06-08T08:45:11Z" finished-at="2018-06-08T08:46:17Z">
          <reporter-output>
          </reporter-output>
        </test-method> <!-- setup -->
        <test-method status="PASS" signature="init()[pri:0, instance:com.glooko.tests.history.HistoryTest@4b4523f8]" name="init" is-config="true" duration-ms="755" started-at="2018-06-08T08:46:17Z" finished-at="2018-06-08T08:46:18Z">
          <reporter-output>
          </reporter-output>
        </test-method> <!-- init -->
        <test-method status="FAIL" signature="clickHistory()[pri:0, instance:com.glooko.tests.history.HistoryTest@4b4523f8]" name="clickHistory" duration-ms="1027" started-at="2018-06-08T08:46:18Z" finished-at="2018-06-08T08:46:19Z">
          <exception class="org.openqa.selenium.NoSuchElementException">
            <message>
              <![CDATA[Can't locate an element by this strategy: Locator map: 
- native content: "By.chained({By.xpath: //android.widget.TextView[contains(@text,'LOGIN')]})" 
- html content: "by id or name "Login""]]>
            </message>
            <full-stacktrace>
              <![CDATA[org.openqa.selenium.NoSuchElementException: Can't locate an element by this strategy: Locator map: 
- native content: "By.chained({By.xpath: //android.widget.TextView[contains(@text,'LOGIN')]})" 
- html content: "by id or name "Login""
at io.appium.java_client.pagefactory.AppiumElementLocator.findElement(AppiumElementLocator.java:102)
at io.appium.java_client.pagefactory.interceptors.InterceptorOfASingleElement.intercept(InterceptorOfASingleElement.java:61)
at io.appium.java_client.android.AndroidElement$$EnhancerByCGLIB$$b598166c.click(<generated>)
at com.glooko.views.welcome.WelcomeView.clickLogin(WelcomeView.java:40)
at com.glooko.tests.history.HistoryTest.clickHistory(HistoryTest.java:32)
at sun.reflect.NativeMethodAccessorImpl.invoke0(Native Method)
at sun.reflect.NativeMethodAccessorImpl.invoke(NativeMethodAccessorImpl.java:62)
at sun.reflect.DelegatingMethodAccessorImpl.invoke(DelegatingMethodAccessorImpl.java:43)
at java.lang.reflect.Method.invoke(Method.java:498)
at org.testng.internal.MethodInvocationHelper.invokeMethod(MethodInvocationHelper.java:124)
at org.testng.internal.Invoker.invokeMethod(Invoker.java:583)
at org.testng.internal.Invoker.invokeTestMethod(Invoker.java:719)
at org.testng.internal.Invoker.invokeTestMethods(Invoker.java:989)
at org.testng.internal.TestMethodWorker.invokeTestMethods(TestMethodWorker.java:125)
at org.testng.internal.TestMethodWorker.run(TestMethodWorker.java:109)
at org.testng.TestRunner.privateRun(TestRunner.java:648)
at org.testng.TestRunner.run(TestRunner.java:505)
at org.testng.SuiteRunner.runTest(SuiteRunner.java:455)
at org.testng.SuiteRunner.runSequentially(SuiteRunner.java:450)
at org.testng.SuiteRunner.privateRun(SuiteRunner.java:415)
at org.testng.SuiteRunner.run(SuiteRunner.java:364)
at org.testng.SuiteRunnerWorker.runSuite(SuiteRunnerWorker.java:52)
at org.testng.SuiteRunnerWorker.run(SuiteRunnerWorker.java:84)
at org.testng.TestNG.runSuitesSequentially(TestNG.java:1208)
at org.testng.TestNG.runSuitesLocally(TestNG.java:1137)
at org.testng.TestNG.runSuites(TestNG.java:1049)
at org.testng.TestNG.run(TestNG.java:1017)
at org.testng.remote.AbstractRemoteTestNG.run(AbstractRemoteTestNG.java:132)
at org.testng.remote.RemoteTestNG.initAndRun(RemoteTestNG.java:230)
at org.testng.remote.RemoteTestNG.main(RemoteTestNG.java:76)
Caused by: org.openqa.selenium.TimeoutException: Expected condition failed: waiting for io.appium.java_client.pagefactory.AppiumElementLocator$WaitingFunction@1c9f0a20 (tried for 1 second(s) with 500 MILLISECONDS interval)
at org.openqa.selenium.support.ui.FluentWait.timeoutException(FluentWait.java:263)
at org.openqa.selenium.support.ui.FluentWait.until(FluentWait.java:231)
at io.appium.java_client.pagefactory.AppiumElementLocator.waitFor(AppiumElementLocator.java:76)
at io.appium.java_client.pagefactory.AppiumElementLocator.findElement(AppiumElementLocator.java:95)
... 29 more
Caused by: org.openqa.selenium.NoSuchElementException: Cannot locate an element using By.chained({By.xpath: //android.widget.TextView[contains(@text,'LOGIN')]})
For documentation on this error, please visit: http://seleniumhq.org/exceptions/no_such_element.html
Build info: version: '3.6.0', revision: '6fbf3ec767', time: '2017-09-27T15:28:36.4Z'
System info: host: 'ATMECSINLT-220', ip: '55.55.53.42', os.name: 'Windows 10', os.arch: 'amd64', os.version: '10.0', java.version: '1.8.0_121'
Driver info: driver.version: AndroidDriver
at io.appium.java_client.pagefactory.bys.builder.ByChained.findElement(ByChained.java:72)
at org.openqa.selenium.remote.RemoteWebDriver.findElement(RemoteWebDriver.java:311)
at io.appium.java_client.DefaultGenericMobileDriver.findElement(DefaultGenericMobileDriver.java:58)
at io.appium.java_client.AppiumDriver.findElement(AppiumDriver.java:1)
at io.appium.java_client.android.AndroidDriver.findElement(AndroidDriver.java:1)
at io.appium.java_client.pagefactory.bys.ContentMappedBy.findElement(ContentMappedBy.java:36)
at org.openqa.selenium.remote.RemoteWebDriver.findElement(RemoteWebDriver.java:311)
at io.appium.java_client.DefaultGenericMobileDriver.findElement(DefaultGenericMobileDriver.java:58)
at io.appium.java_client.AppiumDriver.findElement(AppiumDriver.java:1)
at io.appium.java_client.android.AndroidDriver.findElement(AndroidDriver.java:1)
at io.appium.java_client.pagefactory.AppiumElementLocator.lambda$0(AppiumElementLocator.java:96)
at io.appium.java_client.pagefactory.AppiumElementLocator$WaitingFunction.apply(AppiumElementLocator.java:150)
at io.appium.java_client.pagefactory.AppiumElementLocator$WaitingFunction.apply(AppiumElementLocator.java:1)
at org.openqa.selenium.support.ui.FluentWait.until(FluentWait.java:208)
... 31 more
]]>
            </full-stacktrace>
          </exception> <!-- org.openqa.selenium.NoSuchElementException -->
          <reporter-output>
          </reporter-output>
        </test-method> <!-- clickHistory -->
        <test-method status="PASS" signature="stopServer()[pri:0, instance:com.glooko.tests.history.HistoryTest@4b4523f8]" name="stopServer" is-config="true" duration-ms="62" started-at="2018-06-08T08:46:19Z" finished-at="2018-06-08T08:46:19Z">
          <reporter-output>
          </reporter-output>
        </test-method> <!-- stopServer -->
      </class> <!-- com.glooko.tests.history.HistoryTest -->
      <class name="com.glooko.tests.home.HomeTest">
        <test-method status="PASS" signature="setup()[pri:0, instance:com.glooko.tests.home.HomeTest@5a8e6209]" name="setup" is-config="true" duration-ms="65366" started-at="2018-06-08T08:43:34Z" finished-at="2018-06-08T08:44:39Z">
          <reporter-output>
          </reporter-output>
        </test-method> <!-- setup -->
        <test-method status="PASS" signature="init()[pri:0, instance:com.glooko.tests.home.HomeTest@5a8e6209]" name="init" is-config="true" duration-ms="386" started-at="2018-06-08T08:44:39Z" finished-at="2018-06-08T08:44:40Z">
          <reporter-output>
          </reporter-output>
        </test-method> <!-- init -->
        <test-method status="PASS" signature="checkAndtapNotification()[pri:0, instance:com.glooko.tests.home.HomeTest@5a8e6209]" name="checkAndtapNotification" duration-ms="31732" started-at="2018-06-08T08:44:40Z" finished-at="2018-06-08T08:45:11Z">
          <reporter-output>
            <line>
              <![CDATA[Reminder notification doesn't exists in notification tray]]>
            </line>
          </reporter-output>
        </test-method> <!-- checkAndtapNotification -->
        <test-method status="PASS" signature="stopServer()[pri:0, instance:com.glooko.tests.home.HomeTest@5a8e6209]" name="stopServer" is-config="true" duration-ms="108" started-at="2018-06-08T08:45:11Z" finished-at="2018-06-08T08:45:11Z">
          <reporter-output>
          </reporter-output>
        </test-method> <!-- stopServer -->
      </class> <!-- com.glooko.tests.home.HomeTest -->
    </test> <!-- All tests -->
  </suite> <!-- All -->
</testng-results>
